生成启动时间为 2013/12/9 22:08:20。
     1>项目“D:\Lib\面试题\02_经典题目\剑指offer\InterviewQuestions\InterviewQuestions\PrintListInReversedOrder\PrintListInReversedOrder.vcxproj”在节点 5 上(build 个目标)。
     1>InitializeBuildStatus:
         正在创建“Debug\05_PrintListInReversedOrder.unsuccessfulbuild”，因为已指定“AlwaysCreate”。
       ClCompile:
         c:\Program Files (x86)\Microsoft Visual Studio 10.0\VC\bin\CL.exe /c /ZI /nologo /W3 /WX- /Od /Oy- /D WIN32 /D _DEBUG /D _CONSOLE /D _UNICODE /D UNICODE /Gm /EHsc /RTC1 /MDd /GS /fp:precise /Zc:wchar_t /Zc:forScope /Yc"StdAfx.h" /Fp"Debug\05_PrintListInReversedOrder.pch" /Fo"Debug\\" /Fd"Debug\vc100.pdb" /Gd /TP /analyze- /errorReport:prompt stdafx.cpp
         stdafx.cpp
         c:\Program Files (x86)\Microsoft Visual Studio 10.0\VC\bin\CL.exe /c /ZI /nologo /W3 /WX- /Od /Oy- /D WIN32 /D _DEBUG /D _CONSOLE /D _UNICODE /D UNICODE /Gm /EHsc /RTC1 /MDd /GS /fp:precise /Zc:wchar_t /Zc:forScope /Yu"StdAfx.h" /Fp"Debug\05_PrintListInReversedOrder.pch" /Fo"Debug\\" /Fd"Debug\vc100.pdb" /Gd /TP /analyze- /errorReport:prompt PrintListInReversedOrder.cpp
         PrintListInReversedOrder.cpp
       ManifestResourceCompile:
         C:\Program Files (x86)\Microsoft SDKs\Windows\v7.0A\bin\rc.exe /nologo /fo"Debug\05_PrintListInReversedOrder.exe.embed.manifest.res" Debug\05_PrintListInReversedOrder_manifest.rc 
       Link:
         c:\Program Files (x86)\Microsoft Visual Studio 10.0\VC\bin\link.exe /ERRORREPORT:PROMPT /OUT:"D:\Lib\面试题\02_经典题目\剑指offer\InterviewQuestions\InterviewQuestions\Debug\05_PrintListInReversedOrder.exe" /INCREMENTAL /NOLOGO kernel32.lib user32.lib gdi32.lib winspool.lib comdlg32.lib advapi32.lib shell32.lib ole32.lib oleaut32.lib uuid.lib odbc32.lib odbccp32.lib /MANIFEST /ManifestFile:"Debug\05_PrintListInReversedOrder.exe.intermediate.manifest" /MANIFESTUAC:"level='asInvoker' uiAccess='false'" /DEBUG /PDB:"D:\Lib\面试题\02_经典题目\剑指offer\InterviewQuestions\InterviewQuestions\Debug\05_PrintListInReversedOrder.pdb" /SUBSYSTEM:CONSOLE /TLBID:1 /DYNAMICBASE /NXCOMPAT /IMPLIB:"D:\Lib\面试题\02_经典题目\剑指offer\InterviewQuestions\InterviewQuestions\Debug\05_PrintListInReversedOrder.lib" /MACHINE:X86 Debug\05_PrintListInReversedOrder.exe.embed.manifest.res
         Debug\PrintListInReversedOrder.obj
         Debug\stdafx.obj
         "D:\Lib\面试题\02_经典题目\剑指offer\InterviewQuestions\InterviewQuestions\Debug\Utilities.lib"
     1>LINK : fatal error LNK1123: 转换到 COFF 期间失败: 文件无效或损坏
     1>已完成生成项目“D:\Lib\面试题\02_经典题目\剑指offer\InterviewQuestions\InterviewQuestions\PrintListInReversedOrder\PrintListInReversedOrder.vcxproj”(build 个目标)的操作 - 失败。

生成失败。

已用时间 00:00:00.95
